Using pre-set license
Built from '2022.3/staging' branch; Version is '2022.3.10f1 (ff3792e53c62) revision 16725906'; Using compiler version '192829333'; Build Type 'Release'
OS: 'Windows 10  (10.0.19045) 64bit Core' Language: 'ru' Physical Memory: 16163 MB
BatchMode: 1, IsHumanControllingUs: 0, StartBugReporterOnCrash: 0, Is64bit: 1, IsPro: 1

COMMAND LINE ARGUMENTS:
C:\Program Files\Unity\Hub\Editor\2022.3.10f1\Editor\Unity.exe
-adb2
-batchMode
-noUpm
-name
AssetImportWorker3
-projectPath
C:/Users/Игорь/Documents/GitHub/ClusterAR/cluster
-logFile
Logs/AssetImportWorker3.log
-srvPort
64416
Successfully changed project path to: C:/Users/Игорь/Documents/GitHub/ClusterAR/cluster
C:/Users/Игорь/Documents/GitHub/ClusterAR/cluster
[UnityMemory] Configuration Parameters - Can be set up in boot.config
    "memorysetup-bucket-allocator-granularity=16"
    "memorysetup-bucket-allocator-bucket-count=8"
    "memorysetup-bucket-allocator-block-size=33554432"
    "memorysetup-bucket-allocator-block-count=8"
    "memorysetup-main-allocator-block-size=16777216"
    "memorysetup-thread-allocator-block-size=16777216"
    "memorysetup-gfx-main-allocator-block-size=16777216"
    "memorysetup-gfx-thread-allocator-block-size=16777216"
    "memorysetup-cache-allocator-block-size=4194304"
    "memorysetup-typetree-allocator-block-size=2097152"
    "memorysetup-profiler-bucket-allocator-granularity=16"
    "memorysetup-profiler-bucket-allocator-bucket-count=8"
    "memorysetup-profiler-bucket-allocator-block-size=33554432"
    "memorysetup-profiler-bucket-allocator-block-count=8"
    "memorysetup-profiler-allocator-block-size=16777216"
    "memorysetup-profiler-editor-allocator-block-size=1048576"
    "memorysetup-temp-allocator-size-main=16777216"
    "memorysetup-job-temp-allocator-block-size=2097152"
    "memorysetup-job-temp-allocator-block-size-background=1048576"
    "memorysetup-job-temp-allocator-reduction-small-platforms=262144"
    "memorysetup-allocator-temp-initial-block-size-main=262144"
    "memorysetup-allocator-temp-initial-block-size-worker=262144"
    "memorysetup-temp-allocator-size-background-worker=32768"
    "memorysetup-temp-allocator-size-job-worker=262144"
    "memorysetup-temp-allocator-size-preload-manager=33554432"
    "memorysetup-temp-allocator-size-nav-mesh-worker=65536"
    "memorysetup-temp-allocator-size-audio-worker=65536"
    "memorysetup-temp-allocator-size-cloud-worker=32768"
    "memorysetup-temp-allocator-size-gi-baking-worker=262144"
    "memorysetup-temp-allocator-size-gfx=262144"
Player connection [18200] Host "[IP] 192.168.91.1 [Port] 0 [Flags] 2 [Guid] 2657685133 [EditorId] 2657685133 [Version] 1048832 [Id] WindowsEditor(7,DESKTOP-F20NV11) [Debug] 1 [PackageName] WindowsEditor [ProjectName] Editor" joined multi-casting on [225.0.0.222:54997]...

Player connection [18200] Host "[IP] 192.168.91.1 [Port] 0 [Flags] 2 [Guid] 2657685133 [EditorId] 2657685133 [Version] 1048832 [Id] WindowsEditor(7,DESKTOP-F20NV11) [Debug] 1 [PackageName] WindowsEditor [ProjectName] Editor" joined alternative multi-casting on [225.0.0.222:34997]...

[Physics::Module] Initialized MultithreadedJobDispatcher with 11 workers.
Refreshing native plugins compatible for Editor in 26.83 ms, found 15 plugins.
Preloading 0 native plugins for Editor in 0.00 ms.
Initialize engine version: 2022.3.10f1 (ff3792e53c62)
[Subsystems] Discovering subsystems at path C:/Program Files/Unity/Hub/Editor/2022.3.10f1/Editor/Data/Resources/UnitySubsystems
[Subsystems] Discovering subsystems at path C:/Users/Игорь/Documents/GitHub/ClusterAR/cluster/Assets
GfxDevice: creating device client; threaded=0; jobified=0
Direct3D:
    Version:  Direct3D 11.0 [level 11.1]
    Renderer: NVIDIA GeForce RTX 3060 Laptop GPU (ID=0x2520)
    Vendor:   NVIDIA
    VRAM:     6009 MB
    Driver:   31.0.15.2756
Initialize mono
Mono path[0] = 'C:/Program Files/Unity/Hub/Editor/2022.3.10f1/Editor/Data/Managed'
Mono path[1] = 'C:/Program Files/Unity/Hub/Editor/2022.3.10f1/Editor/Data/MonoBleedingEdge/lib/mono/unityjit-win32'
Mono config path = 'C:/Program Files/Unity/Hub/Editor/2022.3.10f1/Editor/Data/MonoBleedingEdge/etc'
Using monoOptions --debugger-agent=transport=dt_socket,embedding=1,server=y,suspend=n,address=127.0.0.1:56388
Begin MonoManager ReloadAssembly
Registering precompiled unity dll's ...
Register platform support module: C:/Program Files/Unity/Hub/Editor/2022.3.10f1/Editor/Data/PlaybackEngines/WindowsStandaloneSupport/UnityEditor.WindowsStandalone.Extensions.dll
Register platform support module: C:/Program Files/Unity/Hub/Editor/2022.3.10f1/Editor/Data/PlaybackEngines/MetroSupport/UnityEditor.UWP.Extensions.dll
Registered in 0.007530 seconds.
- Loaded All Assemblies, in  0.285 seconds
Native extension for UWP target not found
Native extension for WindowsStandalone target not found
Mono: successfully reloaded assembly
- Finished resetting the current domain, in  0.214 seconds
Domain Reload Profiling: 498ms
	BeginReloadAssembly (81ms)
		ExecutionOrderSort (0ms)
		DisableScriptedObjects (0ms)
		BackupInstance (0ms)
		ReleaseScriptingObjects (0ms)
		CreateAndSetChildDomain (1ms)
	RebuildCommonClasses (34ms)
	RebuildNativeTypeToScriptingClass (9ms)
	initialDomainReloadingComplete (47ms)
	LoadAllAssembliesAndSetupDomain (112ms)
		LoadAssemblies (80ms)
		RebuildTransferFunctionScriptingTraits (0ms)
		AnalyzeDomain (111ms)
			TypeCache.Refresh (109ms)
				TypeCache.ScanAssembly (99ms)
			ScanForSourceGeneratedMonoScriptInfo (0ms)
			ResolveRequiredComponents (0ms)
	FinalizeReload (215ms)
		ReleaseScriptCaches (0ms)
		RebuildScriptCaches (0ms)
		SetupLoadedEditorAssemblies (165ms)
			LogAssemblyErrors (0ms)
			InitializePlatformSupportModulesInManaged (9ms)
			SetLoadedEditorAssemblies (6ms)
			RefreshPlugins (0ms)
			BeforeProcessingInitializeOnLoad (2ms)
			ProcessInitializeOnLoadAttributes (109ms)
			ProcessInitializeOnLoadMethodAttributes (39ms)
			AfterProcessingInitializeOnLoad (0ms)
			EditorAssembliesLoaded (0ms)
		ExecutionOrderSort2 (0ms)
		AwakeInstancesAfterBackupRestoration (0ms)
========================================================================
Worker process is ready to serve import requests
Begin MonoManager ReloadAssembly
Symbol file LoadedFromMemory is not a mono symbol file
- Loaded All Assemblies, in  0.660 seconds
Refreshing native plugins compatible for Editor in 11.94 ms, found 15 plugins.
Native extension for UWP target not found
Native extension for WindowsStandalone target not found
Package Manager log level set to [2]
[Package Manager] Server::EnsureServerProcessIsRunning -- launch failed, reason: Unity was launched with the -noUpm command-line argument
[Package Manager] UpmClient::Send -- Unable to send message (not connected to UPM process).
[Package Manager] Cannot connect to Unity Package Manager local server
[Package Manager] Server::EnsureServerProcessIsRunning -- launch failed, reason: Unity was launched with the -noUpm command-line argument
[Package Manager] UpmClient::Send -- Unable to send message (not connected to UPM process).
[Package Manager] Cannot connect to Unity Package Manager local server
[XR] Error loading subsystem: Display (1) (header mismatch?)
[XR] [MROpenXR][Info   ][20:31:00.799232][tid:4718] OnPluginStarted UnityVersion=2022.3.10f1 OpenXRPluginVersion=1.9.1 MROpenXRPluginVersion=1.9.0.0 PartA_PrivTags=33554432
[XR] [MROpenXR][Info   ][20:31:00.799232][tid:4718] OnPluginStarted UnityVersion=2022.3.10f1 OpenXRPluginVersion=1.9.1 MROpenXRPluginVersion=1.9.0.0 PartA_PrivTags=33554432
Mono: successfully reloaded assembly
[Package Manager] Server::EnsureServerProcessIsRunning -- launch failed, reason: Unity was launched with the -noUpm command-line argument
[Package Manager] UpmClient::Send -- Unable to send message (not connected to UPM process).
[Package Manager] Cannot connect to Unity Package Manager local server
[Package Manager] Server::EnsureServerProcessIsRunning -- launch failed, reason: Unity was launched with the -noUpm command-line argument
[Package Manager] UpmClient::Send -- Unable to send message (not connected to UPM process).
[Package Manager] Cannot connect to Unity Package Manager local server
- Finished resetting the current domain, in  0.792 seconds
Domain Reload Profiling: 1448ms
	BeginReloadAssembly (118ms)
		ExecutionOrderSort (0ms)
		DisableScriptedObjects (4ms)
		BackupInstance (0ms)
		ReleaseScriptingObjects (0ms)
		CreateAndSetChildDomain (18ms)
	RebuildCommonClasses (25ms)
	RebuildNativeTypeToScriptingClass (10ms)
	initialDomainReloadingComplete (35ms)
	LoadAllAssembliesAndSetupDomain (467ms)
		LoadAssemblies (300ms)
		RebuildTransferFunctionScriptingTraits (0ms)
		AnalyzeDomain (233ms)
			TypeCache.Refresh (189ms)
				TypeCache.ScanAssembly (168ms)
			ScanForSourceGeneratedMonoScriptInfo (32ms)
			ResolveRequiredComponents (10ms)
	FinalizeReload (793ms)
		ReleaseScriptCaches (0ms)
		RebuildScriptCaches (0ms)
		SetupLoadedEditorAssemblies (641ms)
			LogAssemblyErrors (0ms)
			InitializePlatformSupportModulesInManaged (7ms)
			SetLoadedEditorAssemblies (5ms)
			RefreshPlugins (0ms)
			BeforeProcessingInitializeOnLoad (92ms)
			ProcessInitializeOnLoadAttributes (465ms)
			ProcessInitializeOnLoadMethodAttributes (66ms)
			AfterProcessingInitializeOnLoad (5ms)
			EditorAssembliesLoaded (0ms)
		ExecutionOrderSort2 (0ms)
		AwakeInstancesAfterBackupRestoration (5ms)
Launched and connected shader compiler UnityShaderCompiler.exe after 0.06 seconds
Refreshing native plugins compatible for Editor in 19.13 ms, found 15 plugins.
Preloading 0 native plugins for Editor in 0.00 ms.
Unloading 6019 Unused Serialized files (Serialized files now loaded: 0)
Unloading 95 unused Assets / (1.1 MB). Loaded Objects now: 6496.
Memory consumption went from 198.5 MB to 197.4 MB.
Total: 4.508500 ms (FindLiveObjects: 0.421300 ms CreateObjectMapping: 0.231300 ms MarkObjects: 3.273000 ms  DeleteObjects: 0.581500 ms)

AssetImportParameters requested are different than current active one (requested -> active):
  custom:container-demuxer-ogg: 62fdf1f143b41e24485cea50d1cbac27 -> 
  custom:scripting/monoscript/fileName/BangerShop1.cs: edc63facdf642b57380ad1c0cb45a203 -> 
  custom:video-decoder-ogg-theora: a1e56fd34408186e4bbccfd4996cb3dc -> 
  custom:framework-win-MediaFoundation: 216162199b28c13a410421893ffa2e32 -> 
  custom:CustomObjectIndexerAttribute: 756ad292c208cfabdd7b50bc23989ffe -> 
  custom:container-demuxer-webm: 4f35f7cbe854078d1ac9338744f61a02 -> 
  custom:scripting/monoscript/fileName/WaverShop.cs: 374a95c429f512bd0c97ee6cc3b173e3 -> 135f084688936a2cec05d12d461ee682
  custom:container-muxer-webm: aa71ff27fc2769a1b78a27578f13a17b -> 
  custom:video-decoder-webm-vp8: 9c59270c3fd7afecdb556c50c9e8de78 -> 
  custom:SearchIndexIgnoredProperties: e643bd26f0fe6173181afceb89e7c659 -> 
  custom:AudioImporter_EditorPlatform: d09bf68614088b80899f8185d706f6e7 -> 
  custom:video-encoder-webm-vp8: eb34c28f22e8b96e1ab97ce403110664 -> 
  custom:audio-decoder-ogg-vorbis: bf7c407c2cedff20999df2af8eb42d56 -> 
  custom:audio-encoder-webm-vorbis: bf7c407c2cedff20999df2af8eb42d56 -> 
  custom:scripting/monoscript/fileName/WaverSkins.cs: d92c50c065a226cf9d6f548e97485801 -> 967182dde0fec0aec75a07c540d09289
========================================================================
Received Import Request.
  Time since last request: 591799.948646 seconds.
  path: Assets/Materials/360_F_69881238_S3sLb4azgnTzowwZHyXGFAfOBvLYHgaa.mat
  artifactKey: Guid(64050f3905dc05741ae4ceeb7f877af0) Importer(815301076,1909f56bfc062723c751e8b465ee728b)
Start importing Assets/Materials/360_F_69881238_S3sLb4azgnTzowwZHyXGFAfOBvLYHgaa.mat using Guid(64050f3905dc05741ae4ceeb7f877af0) Importer(815301076,1909f56bfc062723c751e8b465ee728b)  -> (artifact id: '26bfb582381c17e94355a10e74fb5c00') in 0.119548 seconds
Number of updated asset objects reloaded before import = 0
Number of asset objects unloaded after import = 2
========================================================================
Received Import Request.
  Time since last request: 101.864481 seconds.
  path: Assets/UniGLTF/UniHumanoid/doc/mesh.png
  artifactKey: Guid(7e153a45f4c3fab428c47e3d6509252d) Importer(815301076,1909f56bfc062723c751e8b465ee728b)
Start importing Assets/UniGLTF/UniHumanoid/doc/mesh.png using Guid(7e153a45f4c3fab428c47e3d6509252d) Importer(815301076,1909f56bfc062723c751e8b465ee728b)  -> (artifact id: '625927241ff17dd51149809c04fc5342') in 0.027886 seconds
Number of updated asset objects reloaded before import = 0
Number of asset objects unloaded after import = 2
========================================================================
Received Import Request.
  Time since last request: 0.000019 seconds.
  path: Assets/UniGLTF/doc/metalroughness.png
  artifactKey: Guid(9562eeb01fd74dd45a551d868c32b1e6) Importer(815301076,1909f56bfc062723c751e8b465ee728b)
Start importing Assets/UniGLTF/doc/metalroughness.png using Guid(9562eeb01fd74dd45a551d868c32b1e6) Importer(815301076,1909f56bfc062723c751e8b465ee728b)  -> (artifact id: '38839cd24ad3ce2f42381af8e1a9dcbc') in 0.022009 seconds
Number of updated asset objects reloaded before import = 0
Number of asset objects unloaded after import = 2
========================================================================
Received Import Request.
  Time since last request: 0.000017 seconds.
  path: Assets/Textures+Materials/RustyBucketTextures/Metallic.png
  artifactKey: Guid(743052d4ca902074db6317d5f1005f55) Importer(815301076,1909f56bfc062723c751e8b465ee728b)
Start importing Assets/Textures+Materials/RustyBucketTextures/Metallic.png using Guid(743052d4ca902074db6317d5f1005f55) Importer(815301076,1909f56bfc062723c751e8b465ee728b)  -> (artifact id: '867e80f43ee9e13683212d487a8498e7') in 0.023261 seconds
Number of updated asset objects reloaded before import = 0
Number of asset objects unloaded after import = 2
========================================================================
Received Import Request.
  Time since last request: 0.608667 seconds.
  path: Assets/UniGLTF/UniHumanoid/doc/humanpose_transfer.png
  artifactKey: Guid(8dd213e4a507dac4585f174f27fcd677) Importer(815301076,1909f56bfc062723c751e8b465ee728b)
Start importing Assets/UniGLTF/UniHumanoid/doc/humanpose_transfer.png using Guid(8dd213e4a507dac4585f174f27fcd677) Importer(815301076,1909f56bfc062723c751e8b465ee728b)  -> (artifact id: 'dba83a6327fa450c57b09aef91127c87') in 0.017611 seconds
Number of updated asset objects reloaded before import = 0
Number of asset objects unloaded after import = 2
========================================================================
Received Import Request.
  Time since last request: 1.088235 seconds.
  path: Assets/UniGLTF/doc/duck_assets.png
  artifactKey: Guid(4b45d82a9b6f6f944a4e697c39a57fb8) Importer(815301076,1909f56bfc062723c751e8b465ee728b)
Start importing Assets/UniGLTF/doc/duck_assets.png using Guid(4b45d82a9b6f6f944a4e697c39a57fb8) Importer(815301076,1909f56bfc062723c751e8b465ee728b)  -> (artifact id: '4ed2dbfa0030a52a76be6651ec765ea8') in 0.018426 seconds
Number of updated asset objects reloaded before import = 0
Number of asset objects unloaded after import = 2
========================================================================
Received Import Request.
  Time since last request: 0.040449 seconds.
  path: Assets/UniGLTF/UniHumanoid/doc/bvh_gameobject.png
  artifactKey: Guid(65ce8e194a35af1449cbc70c76e385ad) Importer(815301076,1909f56bfc062723c751e8b465ee728b)
Start importing Assets/UniGLTF/UniHumanoid/doc/bvh_gameobject.png using Guid(65ce8e194a35af1449cbc70c76e385ad) Importer(815301076,1909f56bfc062723c751e8b465ee728b)  -> (artifact id: 'cfdf3f39f27c7b1efc1f12ad1cc1e71d') in 0.034751 seconds
Number of updated asset objects reloaded before import = 0
Number of asset objects unloaded after import = 2
========================================================================
Received Import Request.
  Time since last request: 0.020942 seconds.
  path: Assets/Textures+Materials/RustyBucketTextures/AO.png
  artifactKey: Guid(bf2ca9bc4ba4ef14788869029cb8c5e9) Importer(815301076,1909f56bfc062723c751e8b465ee728b)
Start importing Assets/Textures+Materials/RustyBucketTextures/AO.png using Guid(bf2ca9bc4ba4ef14788869029cb8c5e9) Importer(815301076,1909f56bfc062723c751e8b465ee728b)  -> (artifact id: '54f9683f8d4e1286e949cbbfd278e8a2') in 0.017988 seconds
Number of updated asset objects reloaded before import = 0
Number of asset objects unloaded after import = 2
========================================================================
Received Import Request.
  Time since last request: 0.005342 seconds.
  path: Assets/Textures+Materials/RustyBucketTextures/Base_Color.png
  artifactKey: Guid(b460b2c391db6e74db63bf849c751657) Importer(815301076,1909f56bfc062723c751e8b465ee728b)
Start importing Assets/Textures+Materials/RustyBucketTextures/Base_Color.png using Guid(b460b2c391db6e74db63bf849c751657) Importer(815301076,1909f56bfc062723c751e8b465ee728b)  -> (artifact id: 'ceb7d71a5a4db1b8b64ecb0cb5992095') in 0.026086 seconds
Number of updated asset objects reloaded before import = 0
Number of asset objects unloaded after import = 2
========================================================================
Received Import Request.
  Time since last request: 0.006771 seconds.
  path: Assets/UniGLTF/UniHumanoid/doc/BoneMappingInspector.png
  artifactKey: Guid(1e5ed0d1eaae21c46b59beeeb761a357) Importer(815301076,1909f56bfc062723c751e8b465ee728b)
Start importing Assets/UniGLTF/UniHumanoid/doc/BoneMappingInspector.png using Guid(1e5ed0d1eaae21c46b59beeeb761a357) Importer(815301076,1909f56bfc062723c751e8b465ee728b)  -> (artifact id: '0b359093779220c1f02e450751b03d05') in 0.314001 seconds
Number of updated asset objects reloaded before import = 0
Number of asset objects unloaded after import = 2
